2024-04-06 16:16:08 DEBUG TelegramBot:28 - hello3
2024-04-08 12:07:11 DEBUG TelegramBot:28 - hi
2024-04-08 12:17:36 DEBUG TelegramBot:28 - Hello test
2024-04-08 12:17:56 DEBUG TelegramBot:28 - /start
2024-04-08 12:18:14 DEBUG TelegramBot:28 - /start
2024-04-08 12:18:22 DEBUG TelegramBot:28 - Hello
2024-04-08 12:43:16 DEBUG TelegramBot:32 - Hi
2024-04-09 11:43:50 DEBUG UpdateProducerImpl:13 - 
2024-04-09 11:45:45 DEBUG UpdateProducerImpl:13 - Hello
2024-04-09 11:45:53 ERROR UpdateController:37 - Unsupported message type is received: Update(updateId=928251957, message=null, inlineQuery=null, chosenInlineQuery=null, callbackQuery=null, editedMessage=Message(messageId=14, from=User(id=888800170, firstName=Лиза, isBot=false, lastName=null, userName=edilol07, languageCode=ru, canJoinGroups=null, canReadAllGroupMessages=null, supportInlineQueries=null, isPremium=null, addedToAttachmentMenu=null), date=1712652346, chat=Chat(id=888800170, type=private, title=null, firstName=Лиза, lastName=null, userName=edilol07, photo=null, description=null, inviteLink=null, pinnedMessage=null, stickerSetName=null, canSetStickerSet=null, permissions=null, slowModeDelay=null, bio=null, linkedChatId=null, location=null, messageAutoDeleteTime=null, hasPrivateForwards=null, HasProtectedContent=null, joinToSendMessages=null, joinByRequest=null), forwardFrom=null, forwardFromChat=null, forwardDate=null, text=Hello1, entities=null, captionEntities=null, audio=null, document=null, photo=null, sticker=null, video=null, contact=null, location=null, venue=null, animation=null, pinnedMessage=null, newChatMembers=[], leftChatMember=null, newChatTitle=null, newChatPhoto=null, deleteChatPhoto=null, groupchatCreated=null, replyToMessage=null, voice=null, caption=null, superGroupCreated=null, channelChatCreated=null, migrateToChatId=null, migrateFromChatId=null, editDate=1712652354, game=null, forwardFromMessageId=null, invoice=null, successfulPayment=null, videoNote=null, authorSignature=null, forwardSignature=null, mediaGroupId=null, connectedWebsite=null, passportData=null, forwardSenderName=null, poll=null, replyMarkup=null, dice=null, viaBot=null, senderChat=null, proximityAlertTriggered=null, messageAutoDeleteTimerChanged=null, isAutomaticForward=null, hasProtectedContent=null, webAppData=null, videoChatStarted=null, videoChatEnded=null, videoChatParticipantsInvited=null, videoChatScheduled=null), channelPost=null, editedChannelPost=null, shippingQuery=null, preCheckoutQuery=null, poll=null, pollAnswer=null, myChatMember=null, chatMember=null, chatJoinRequest=null)
2024-04-09 11:49:17 DEBUG UpdateProducerImpl:13 - 
2024-04-09 13:58:57 DEBUG UpdateProducerImpl:21 - Hello test
2024-04-09 14:04:14 DEBUG UpdateProducerImpl:21 - Hello test2
2024-04-09 19:49:53 DEBUG UpdateProducerImpl:21 - Hello from chat
2024-04-10 20:26:18 DEBUG UpdateProducerImpl:21 - Hello from chat
2024-04-10 20:28:35 DEBUG UpdateProducerImpl:21 - Hello 2
2024-04-10 20:29:15 DEBUG UpdateProducerImpl:21 - 
2024-04-10 21:33:03 DEBUG UpdateProducerImpl:21 - Hello 3
2024-04-18 14:38:17 ERROR UpdateController:37 - Unsupported message type is received: Update(updateId=928251966, message=null, inlineQuery=null, chosenInlineQuery=null, callbackQuery=null, editedMessage=null, channelPost=null, editedChannelPost=null, shippingQuery=null, preCheckoutQuery=null, poll=null, pollAnswer=null, myChatMember=ChatMemberUpdated(chat=Chat(id=888800170, type=private, title=null, firstName=Лиза, lastName=null, userName=edilol07, photo=null, description=null, inviteLink=null, pinnedMessage=null, stickerSetName=null, canSetStickerSet=null, permissions=null, slowModeDelay=null, bio=null, linkedChatId=null, location=null, messageAutoDeleteTime=null, hasPrivateForwards=null, HasProtectedContent=null, joinToSendMessages=null, joinByRequest=null), from=User(id=888800170, firstName=Лиза, isBot=false, lastName=null, userName=edilol07, languageCode=null, canJoinGroups=null, canReadAllGroupMessages=null, supportInlineQueries=null, isPremium=null, addedToAttachmentMenu=null), date=1713440297, oldChatMember=ChatMemberMember(status=member, user=User(id=6804102621, firstName=diplomivpek, isBot=true, lastName=null, userName=diplomivpek_bot, languageCode=null, canJoinGroups=null, canReadAllGroupMessages=null, supportInlineQueries=null, isPremium=null, addedToAttachmentMenu=null)), newChatMember=ChatMemberBanned(status=kicked, user=User(id=6804102621, firstName=diplomivpek, isBot=true, lastName=null, userName=diplomivpek_bot, languageCode=null, canJoinGroups=null, canReadAllGroupMessages=null, supportInlineQueries=null, isPremium=null, addedToAttachmentMenu=null), untilDate=0), inviteLink=null), chatMember=null, chatJoinRequest=null)
2024-04-18 14:38:21 ERROR UpdateController:37 - Unsupported message type is received: Update(updateId=928251967, message=null, inlineQuery=null, chosenInlineQuery=null, callbackQuery=null, editedMessage=null, channelPost=null, editedChannelPost=null, shippingQuery=null, preCheckoutQuery=null, poll=null, pollAnswer=null, myChatMember=ChatMemberUpdated(chat=Chat(id=888800170, type=private, title=null, firstName=Лиза, lastName=null, userName=edilol07, photo=null, description=null, inviteLink=null, pinnedMessage=null, stickerSetName=null, canSetStickerSet=null, permissions=null, slowModeDelay=null, bio=null, linkedChatId=null, location=null, messageAutoDeleteTime=null, hasPrivateForwards=null, HasProtectedContent=null, joinToSendMessages=null, joinByRequest=null), from=User(id=888800170, firstName=Лиза, isBot=false, lastName=null, userName=edilol07, languageCode=ru, canJoinGroups=null, canReadAllGroupMessages=null, supportInlineQueries=null, isPremium=null, addedToAttachmentMenu=null), date=1713440301, oldChatMember=ChatMemberBanned(status=kicked, user=User(id=6804102621, firstName=diplomivpek, isBot=true, lastName=null, userName=diplomivpek_bot, languageCode=null, canJoinGroups=null, canReadAllGroupMessages=null, supportInlineQueries=null, isPremium=null, addedToAttachmentMenu=null), untilDate=0), newChatMember=ChatMemberMember(status=member, user=User(id=6804102621, firstName=diplomivpek, isBot=true, lastName=null, userName=diplomivpek_bot, languageCode=null, canJoinGroups=null, canReadAllGroupMessages=null, supportInlineQueries=null, isPremium=null, addedToAttachmentMenu=null)), inviteLink=null), chatMember=null, chatJoinRequest=null)
2024-04-18 14:38:21 DEBUG UpdateProducerImpl:21 - /start
2024-04-18 14:38:53 DEBUG UpdateProducerImpl:21 - /help
2024-04-18 14:39:23 DEBUG UpdateProducerImpl:21 - /registration
2024-04-18 14:39:40 DEBUG UpdateProducerImpl:21 - /cancel
2024-04-18 14:40:01 DEBUG UpdateProducerImpl:21 - /some_test_command
2024-04-18 14:40:50 DEBUG UpdateProducerImpl:21 - 
2024-04-18 14:41:23 DEBUG UpdateProducerImpl:21 - 
2024-04-20 10:47:14 DEBUG UpdateProducerImpl:21 - 
2024-04-20 10:48:40 DEBUG UpdateProducerImpl:21 - 
2024-04-20 10:49:32 DEBUG UpdateProducerImpl:21 - 
2024-04-20 10:50:34 DEBUG UpdateProducerImpl:21 - hello
2024-04-20 11:21:22 DEBUG UpdateProducerImpl:21 - 
2024-04-21 13:08:11 DEBUG UpdateProducerImpl:21 - 
2024-04-21 13:08:33 DEBUG UpdateProducerImpl:21 - 
2024-04-21 13:09:27 DEBUG UpdateProducerImpl:21 - 
2024-04-21 13:10:14 DEBUG UpdateProducerImpl:21 - 
2024-04-21 13:10:52 DEBUG UpdateProducerImpl:21 - 
2024-04-21 13:12:55 DEBUG UpdateProducerImpl:21 - 
2024-05-06 10:51:12 DEBUG UpdateProducerImpl:21 - /start
2024-05-06 10:51:19 DEBUG UpdateProducerImpl:21 - Hellotest
2024-05-14 11:26:09 DEBUG UpdateProducerImpl:21 - 11
2024-05-14 11:26:13 DEBUG UpdateProducerImpl:21 - /help
2024-05-14 11:36:22 DEBUG UpdateProducerImpl:21 - /cancel
2024-05-14 11:36:41 DEBUG UpdateProducerImpl:21 - hi
2024-05-14 15:51:45 DEBUG UpdateProducerImpl:21 - 
2024-05-14 15:54:39 DEBUG UpdateProducerImpl:21 - 
